Fri Mar 03 17:48:42 CST 2017数据库初始化成功

Fri Mar 03 17:48:42 CST 2017端口监听成功

Fri Mar 03 17:48:49 CST 2017记录	amazon.com->54.239.25.208超时

Fri Mar 03 17:48:49 CST 2017新增记录:	amazon.com->54.239.17.6 ttl=9

Fri Mar 03 17:48:49 CST 2017新增记录:	amazon.com->54.239.26.128 ttl=9

Fri Mar 03 17:48:49 CST 2017新增记录:	amazon.com->54.239.25.208 ttl=9

Fri Mar 03 17:48:49 CST 2017新增记录:	amazon.com->54.239.17.7 ttl=9

Fri Mar 03 17:48:49 CST 2017新增记录:	amazon.com->54.239.25.192 ttl=9

Fri Mar 03 17:48:49 CST 2017新增记录:	amazon.com->54.239.25.200 ttl=9

Fri Mar 03 17:49:39 CST 2017新增记录:	ipv6.google.com->93.46.8.89 ttl=2721

Fri Mar 03 17:49:39 CST 2017屏蔽域名:	008.cn

Fri Mar 03 17:49:39 CST 2017屏蔽域名:	008.cn

Fri Mar 03 17:49:39 CST 2017屏蔽域名:	008.cn

Fri Mar 03 17:49:39 CST 2017屏蔽域名:	008.cn

Fri Mar 03 17:49:39 CST 2017新增记录:	baidu.com->220.181.57.217 ttl=460

Fri Mar 03 17:49:39 CST 2017新增记录:	baidu.com->111.13.101.208 ttl=460

Fri Mar 03 17:49:39 CST 2017新增记录:	baidu.com->123.125.114.144 ttl=460

Fri Mar 03 17:49:39 CST 2017新增记录:	baidu.com->180.149.132.47 ttl=460

Fri Mar 03 17:49:39 CST 2017新增记录:	ipv6.google.com->200:2:f3b9:bb27:0:0:0:0 ttl=2718

Fri Mar 03 17:49:39 CST 2017新增记录:	www.bupt.edu.cn->124.127.207.2 ttl=3296

Fri Mar 03 17:49:40 CST 2017新增记录:	www.bupt.edu.cn->2001:da8:215:4009:250:56ff:fe97:40c7 ttl=6121

Fri Mar 03 17:49:40 CST 2017屏蔽域名:	008.cn

Fri Mar 03 17:49:40 CST 2017屏蔽域名:	008.cn

Fri Mar 03 17:49:40 CST 2017屏蔽域名:	008.cn

Fri Mar 03 17:49:40 CST 2017屏蔽域名:	008.cn

Fri Mar 03 17:49:40 CST 2017屏蔽域名:	008.cn

Fri Mar 03 17:49:40 CST 2017屏蔽域名:	008.cn

Fri Mar 03 17:49:40 CST 2017屏蔽域名:	008.cn

Fri Mar 03 17:49:40 CST 2017屏蔽域名:	008.cn

Fri Mar 03 17:49:41 CST 2017屏蔽域名:	008.cn

Fri Mar 03 17:49:41 CST 2017屏蔽域名:	008.cn

Fri Mar 03 17:49:42 CST 2017屏蔽域名:	008.cn

Fri Mar 03 17:49:42 CST 2017屏蔽域名:	008.cn

Fri Mar 03 17:49:43 CST 2017屏蔽域名:	008.cn

Fri Mar 03 17:49:43 CST 2017屏蔽域名:	008.cn

Fri Mar 03 17:49:43 CST 2017屏蔽域名:	008.cn

Fri Mar 03 17:49:43 CST 2017屏蔽域名:	008.cn

Fri Mar 03 17:49:43 CST 2017屏蔽域名:	008.cn

Fri Mar 03 17:49:43 CST 2017屏蔽域名:	008.cn

Fri Mar 03 17:49:43 CST 2017屏蔽域名:	008.cn

Fri Mar 03 17:49:43 CST 2017屏蔽域名:	008.cn

Fri Mar 03 17:49:43 CST 2017屏蔽域名:	008.cn

Fri Mar 03 17:49:43 CST 2017屏蔽域名:	008.cn

Fri Mar 03 17:49:44 CST 2017屏蔽域名:	008.cn

Fri Mar 03 17:49:44 CST 2017屏蔽域名:	008.cn

Fri Mar 03 17:49:44 CST 2017屏蔽域名:	008.cn

Fri Mar 03 17:49:44 CST 2017屏蔽域名:	008.cn

Fri Mar 03 17:49:45 CST 2017屏蔽域名:	008.cn

Fri Mar 03 17:49:45 CST 2017屏蔽域名:	008.cn

Fri Mar 03 17:49:45 CST 2017屏蔽域名:	008.cn

Fri Mar 03 17:49:45 CST 2017屏蔽域名:	008.cn

Fri Mar 03 17:49:45 CST 2017屏蔽域名:	008.cn

Fri Mar 03 17:49:45 CST 2017屏蔽域名:	008.cn

Fri Mar 03 17:49:46 CST 2017屏蔽域名:	008.cn

Fri Mar 03 17:49:46 CST 2017屏蔽域名:	008.cn

Fri Mar 03 17:49:47 CST 2017屏蔽域名:	008.cn

Fri Mar 03 17:49:47 CST 2017屏蔽域名:	008.cn

Fri Mar 03 17:49:47 CST 2017屏蔽域名:	008.cn

Fri Mar 03 17:49:47 CST 2017屏蔽域名:	008.cn

Fri Mar 03 17:49:47 CST 2017屏蔽域名:	008.cn

Fri Mar 03 17:49:47 CST 2017屏蔽域名:	008.cn

Fri Mar 03 17:49:48 CST 2017屏蔽域名:	008.cn

Fri Mar 03 17:49:48 CST 2017屏蔽域名:	008.cn

Fri Mar 03 17:49:48 CST 2017屏蔽域名:	008.cn

Fri Mar 03 17:49:48 CST 2017屏蔽域名:	008.cn

Fri Mar 03 17:49:50 CST 2017屏蔽域名:	008.cn

Fri Mar 03 17:49:50 CST 2017屏蔽域名:	008.cn

Fri Mar 03 17:49:50 CST 2017屏蔽域名:	008.cn

Fri Mar 03 17:49:50 CST 2017屏蔽域名:	008.cn

Fri Mar 03 17:49:51 CST 2017屏蔽域名:	008.cn

Fri Mar 03 17:49:51 CST 2017屏蔽域名:	008.cn

Fri Mar 03 17:49:52 CST 2017屏蔽域名:	008.cn

Fri Mar 03 17:49:52 CST 2017屏蔽域名:	008.cn

Fri Mar 03 17:49:53 CST 2017屏蔽域名:	008.cn

Fri Mar 03 17:49:53 CST 2017屏蔽域名:	008.cn

Fri Mar 03 17:49:53 CST 2017屏蔽域名:	008.cn

Fri Mar 03 17:49:53 CST 2017屏蔽域名:	008.cn

Fri Mar 03 17:49:54 CST 2017屏蔽域名:	008.cn

Fri Mar 03 17:49:54 CST 2017屏蔽域名:	008.cn

Fri Mar 03 17:49:55 CST 2017屏蔽域名:	008.cn

Fri Mar 03 17:49:55 CST 2017屏蔽域名:	008.cn

Fri Mar 03 17:49:56 CST 2017屏蔽域名:	008.cn

Fri Mar 03 17:49:56 CST 2017屏蔽域名:	008.cn

Fri Mar 03 17:49:56 CST 2017屏蔽域名:	008.cn

Fri Mar 03 17:49:56 CST 2017屏蔽域名:	008.cn

Fri Mar 03 17:49:57 CST 2017屏蔽域名:	008.cn

Fri Mar 03 17:49:57 CST 2017屏蔽域名:	008.cn

Fri Mar 03 17:49:58 CST 2017屏蔽域名:	008.cn

Fri Mar 03 17:49:58 CST 2017屏蔽域名:	008.cn

Fri Mar 03 17:49:59 CST 2017屏蔽域名:	008.cn

Fri Mar 03 17:49:59 CST 2017屏蔽域名:	008.cn

Fri Mar 03 17:49:59 CST 2017屏蔽域名:	008.cn

Fri Mar 03 17:49:59 CST 2017屏蔽域名:	008.cn

Fri Mar 03 17:50:00 CST 2017屏蔽域名:	008.cn

Fri Mar 03 17:50:00 CST 2017屏蔽域名:	008.cn

Fri Mar 03 17:50:01 CST 2017屏蔽域名:	008.cn

Fri Mar 03 17:50:01 CST 2017屏蔽域名:	008.cn

Fri Mar 03 17:50:01 CST 2017屏蔽域名:	008.cn

Fri Mar 03 17:50:01 CST 2017屏蔽域名:	008.cn

Fri Mar 03 17:50:02 CST 2017屏蔽域名:	008.cn

Fri Mar 03 17:50:02 CST 2017屏蔽域名:	008.cn

Fri Mar 03 17:50:02 CST 2017屏蔽域名:	008.cn

Fri Mar 03 17:50:02 CST 2017屏蔽域名:	008.cn

Fri Mar 03 17:50:02 CST 2017屏蔽域名:	008.cn

Fri Mar 03 17:50:02 CST 2017屏蔽域名:	008.cn

Fri Mar 03 17:50:02 CST 2017屏蔽域名:	008.cn

Fri Mar 03 17:50:02 CST 2017屏蔽域名:	008.cn

Fri Mar 03 17:50:03 CST 2017屏蔽域名:	008.cn

Fri Mar 03 17:50:03 CST 2017屏蔽域名:	008.cn

Fri Mar 03 17:50:04 CST 2017屏蔽域名:	008.cn

Fri Mar 03 17:50:04 CST 2017屏蔽域名:	008.cn

Fri Mar 03 17:50:04 CST 2017屏蔽域名:	008.cn

Fri Mar 03 17:50:04 CST 2017屏蔽域名:	008.cn

Fri Mar 03 17:50:05 CST 2017屏蔽域名:	008.cn

Fri Mar 03 17:50:05 CST 2017屏蔽域名:	008.cn

Fri Mar 03 17:50:06 CST 2017屏蔽域名:	008.cn

Fri Mar 03 17:50:06 CST 2017屏蔽域名:	008.cn

Fri Mar 03 17:50:07 CST 2017屏蔽域名:	008.cn

Fri Mar 03 17:50:07 CST 2017屏蔽域名:	008.cn

Fri Mar 03 17:50:07 CST 2017屏蔽域名:	008.cn

Fri Mar 03 17:50:07 CST 2017屏蔽域名:	008.cn

Fri Mar 03 17:50:09 CST 2017屏蔽域名:	008.cn

Fri Mar 03 17:50:09 CST 2017屏蔽域名:	008.cn

Fri Mar 03 17:50:09 CST 2017屏蔽域名:	008.cn

Fri Mar 03 17:50:09 CST 2017屏蔽域名:	008.cn

Fri Mar 03 17:50:09 CST 2017屏蔽域名:	008.cn

Fri Mar 03 17:50:09 CST 2017屏蔽域名:	008.cn

Fri Mar 03 17:50:10 CST 2017屏蔽域名:	008.cn

Fri Mar 03 17:50:10 CST 2017屏蔽域名:	008.cn

Fri Mar 03 17:50:10 CST 2017屏蔽域名:	008.cn

Fri Mar 03 17:50:10 CST 2017屏蔽域名:	008.cn

Fri Mar 03 17:50:11 CST 2017屏蔽域名:	008.cn

Fri Mar 03 17:50:11 CST 2017屏蔽域名:	008.cn

Fri Mar 03 17:50:11 CST 2017屏蔽域名:	008.cn

Fri Mar 03 17:50:11 CST 2017屏蔽域名:	008.cn

Fri Mar 03 17:50:11 CST 2017屏蔽域名:	008.cn

Fri Mar 03 17:50:11 CST 2017屏蔽域名:	008.cn

Fri Mar 03 17:50:12 CST 2017屏蔽域名:	008.cn

Fri Mar 03 17:50:12 CST 2017屏蔽域名:	008.cn

Fri Mar 03 17:50:13 CST 2017屏蔽域名:	008.cn

Fri Mar 03 17:50:13 CST 2017屏蔽域名:	008.cn

Fri Mar 03 17:50:13 CST 2017屏蔽域名:	008.cn

Fri Mar 03 17:50:13 CST 2017屏蔽域名:	008.cn

Fri Mar 03 17:50:13 CST 2017屏蔽域名:	008.cn

Fri Mar 03 17:50:13 CST 2017屏蔽域名:	008.cn

Fri Mar 03 17:50:14 CST 2017屏蔽域名:	008.cn

Fri Mar 03 17:50:14 CST 2017屏蔽域名:	008.cn

Fri Mar 03 17:50:14 CST 2017屏蔽域名:	008.cn

Fri Mar 03 17:50:14 CST 2017屏蔽域名:	008.cn

Fri Mar 03 17:50:14 CST 2017屏蔽域名:	008.cn

Fri Mar 03 17:50:14 CST 2017屏蔽域名:	008.cn

Fri Mar 03 17:50:14 CST 2017屏蔽域名:	008.cn

Fri Mar 03 17:50:14 CST 2017屏蔽域名:	008.cn

Fri Mar 03 17:50:15 CST 2017屏蔽域名:	008.cn

Fri Mar 03 17:50:15 CST 2017屏蔽域名:	008.cn

Fri Mar 03 17:50:15 CST 2017屏蔽域名:	008.cn

Fri Mar 03 17:50:15 CST 2017屏蔽域名:	008.cn

Fri Mar 03 17:50:16 CST 2017屏蔽域名:	008.cn

Fri Mar 03 17:50:16 CST 2017屏蔽域名:	008.cn

Fri Mar 03 17:50:16 CST 2017屏蔽域名:	008.cn

Fri Mar 03 17:50:16 CST 2017屏蔽域名:	008.cn

Fri Mar 03 17:50:16 CST 2017屏蔽域名:	008.cn

Fri Mar 03 17:50:16 CST 2017屏蔽域名:	008.cn

Fri Mar 03 17:50:16 CST 2017屏蔽域名:	008.cn

Fri Mar 03 17:50:16 CST 2017屏蔽域名:	008.cn

Fri Mar 03 17:50:17 CST 2017屏蔽域名:	008.cn

Fri Mar 03 17:50:17 CST 2017屏蔽域名:	008.cn

Fri Mar 03 17:50:17 CST 2017屏蔽域名:	008.cn

Fri Mar 03 17:50:17 CST 2017屏蔽域名:	008.cn

Fri Mar 03 17:50:18 CST 2017屏蔽域名:	008.cn

Fri Mar 03 17:50:18 CST 2017屏蔽域名:	008.cn

Fri Mar 03 17:50:18 CST 2017屏蔽域名:	008.cn

Fri Mar 03 17:50:18 CST 2017屏蔽域名:	008.cn

Fri Mar 03 17:50:19 CST 2017屏蔽域名:	008.cn

Fri Mar 03 17:50:19 CST 2017屏蔽域名:	008.cn

Fri Mar 03 17:50:19 CST 2017屏蔽域名:	008.cn

Fri Mar 03 17:50:19 CST 2017屏蔽域名:	008.cn

Fri Mar 03 17:50:19 CST 2017屏蔽域名:	008.cn

Fri Mar 03 17:50:19 CST 2017屏蔽域名:	008.cn

Fri Mar 03 17:50:20 CST 2017屏蔽域名:	008.cn

Fri Mar 03 17:50:20 CST 2017屏蔽域名:	008.cn

Fri Mar 03 17:50:20 CST 2017屏蔽域名:	008.cn

Fri Mar 03 17:50:20 CST 2017屏蔽域名:	008.cn

Fri Mar 03 17:50:21 CST 2017屏蔽域名:	008.cn

Fri Mar 03 17:50:21 CST 2017屏蔽域名:	008.cn

Fri Mar 03 17:50:21 CST 2017屏蔽域名:	008.cn

Fri Mar 03 17:50:21 CST 2017屏蔽域名:	008.cn

Fri Mar 03 17:50:22 CST 2017屏蔽域名:	008.cn

Fri Mar 03 17:50:22 CST 2017屏蔽域名:	008.cn

Fri Mar 03 17:50:23 CST 2017屏蔽域名:	008.cn

Fri Mar 03 17:50:23 CST 2017屏蔽域名:	008.cn

Fri Mar 03 17:50:23 CST 2017屏蔽域名:	008.cn

Fri Mar 03 17:50:23 CST 2017屏蔽域名:	008.cn

Fri Mar 03 17:50:23 CST 2017屏蔽域名:	008.cn

Fri Mar 03 17:50:23 CST 2017屏蔽域名:	008.cn

Fri Mar 03 17:50:24 CST 2017屏蔽域名:	008.cn

Fri Mar 03 17:50:24 CST 2017屏蔽域名:	008.cn

Fri Mar 03 17:50:24 CST 2017屏蔽域名:	008.cn

Fri Mar 03 17:50:24 CST 2017屏蔽域名:	008.cn

Fri Mar 03 17:50:25 CST 2017屏蔽域名:	008.cn

Fri Mar 03 17:50:25 CST 2017屏蔽域名:	008.cn

Fri Mar 03 17:50:25 CST 2017屏蔽域名:	008.cn

Fri Mar 03 17:50:25 CST 2017屏蔽域名:	008.cn

Fri Mar 03 17:50:25 CST 2017屏蔽域名:	008.cn

Fri Mar 03 17:50:25 CST 2017屏蔽域名:	008.cn

Fri Mar 03 17:50:26 CST 2017屏蔽域名:	008.cn

Fri Mar 03 17:50:26 CST 2017屏蔽域名:	008.cn

Fri Mar 03 17:50:27 CST 2017屏蔽域名:	008.cn

Fri Mar 03 17:50:27 CST 2017屏蔽域名:	008.cn

Fri Mar 03 17:50:28 CST 2017屏蔽域名:	008.cn

Fri Mar 03 17:50:28 CST 2017屏蔽域名:	008.cn

Fri Mar 03 17:50:28 CST 2017屏蔽域名:	008.cn

Fri Mar 03 17:50:28 CST 2017屏蔽域名:	008.cn

Fri Mar 03 17:50:28 CST 2017屏蔽域名:	008.cn

Fri Mar 03 17:50:28 CST 2017屏蔽域名:	008.cn

Fri Mar 03 17:50:28 CST 2017屏蔽域名:	008.cn

Fri Mar 03 17:50:28 CST 2017屏蔽域名:	008.cn

Fri Mar 03 17:50:29 CST 2017屏蔽域名:	008.cn

Fri Mar 03 17:50:29 CST 2017屏蔽域名:	008.cn

Fri Mar 03 17:50:29 CST 2017屏蔽域名:	008.cn

Fri Mar 03 17:50:29 CST 2017屏蔽域名:	008.cn

Fri Mar 03 17:50:30 CST 2017屏蔽域名:	008.cn

Fri Mar 03 17:50:30 CST 2017屏蔽域名:	008.cn

Fri Mar 03 17:50:30 CST 2017屏蔽域名:	008.cn

Fri Mar 03 17:50:30 CST 2017屏蔽域名:	008.cn

Fri Mar 03 17:50:31 CST 2017屏蔽域名:	008.cn

Fri Mar 03 17:50:31 CST 2017屏蔽域名:	008.cn

Fri Mar 03 17:50:31 CST 2017屏蔽域名:	008.cn

Fri Mar 03 17:50:31 CST 2017屏蔽域名:	008.cn

Fri Mar 03 17:50:31 CST 2017屏蔽域名:	008.cn

Fri Mar 03 17:50:31 CST 2017屏蔽域名:	008.cn

Fri Mar 03 17:50:31 CST 2017屏蔽域名:	008.cn

Fri Mar 03 17:50:31 CST 2017屏蔽域名:	008.cn

Fri Mar 03 17:50:32 CST 2017屏蔽域名:	008.cn

Fri Mar 03 17:50:32 CST 2017屏蔽域名:	008.cn

Fri Mar 03 17:50:32 CST 2017屏蔽域名:	008.cn

Fri Mar 03 17:50:32 CST 2017屏蔽域名:	008.cn

Fri Mar 03 17:50:33 CST 2017屏蔽域名:	008.cn

Fri Mar 03 17:50:33 CST 2017屏蔽域名:	008.cn

Fri Mar 03 17:50:33 CST 2017屏蔽域名:	008.cn

Fri Mar 03 17:50:33 CST 2017屏蔽域名:	008.cn

Fri Mar 03 17:50:34 CST 2017屏蔽域名:	008.cn

Fri Mar 03 17:50:34 CST 2017屏蔽域名:	008.cn

Fri Mar 03 17:50:34 CST 2017屏蔽域名:	008.cn

Fri Mar 03 17:50:34 CST 2017屏蔽域名:	008.cn

Fri Mar 03 17:50:34 CST 2017屏蔽域名:	008.cn

Fri Mar 03 17:50:34 CST 2017屏蔽域名:	008.cn

Fri Mar 03 17:50:34 CST 2017屏蔽域名:	008.cn

Fri Mar 03 17:50:34 CST 2017屏蔽域名:	008.cn

Fri Mar 03 17:50:35 CST 2017屏蔽域名:	008.cn

Fri Mar 03 17:50:35 CST 2017屏蔽域名:	008.cn

Fri Mar 03 17:50:35 CST 2017屏蔽域名:	008.cn

Fri Mar 03 17:50:35 CST 2017屏蔽域名:	008.cn

Fri Mar 03 17:50:36 CST 2017屏蔽域名:	008.cn

Fri Mar 03 17:50:36 CST 2017屏蔽域名:	008.cn

Fri Mar 03 17:50:36 CST 2017屏蔽域名:	008.cn

Fri Mar 03 17:50:36 CST 2017屏蔽域名:	008.cn

Fri Mar 03 17:50:36 CST 2017屏蔽域名:	008.cn

Fri Mar 03 17:50:36 CST 2017屏蔽域名:	008.cn

Fri Mar 03 17:50:36 CST 2017屏蔽域名:	008.cn

Fri Mar 03 17:50:36 CST 2017屏蔽域名:	008.cn

Fri Mar 03 17:50:36 CST 2017屏蔽域名:	008.cn

Fri Mar 03 17:50:36 CST 2017屏蔽域名:	008.cn

Fri Mar 03 17:50:37 CST 2017屏蔽域名:	008.cn

Fri Mar 03 17:50:37 CST 2017屏蔽域名:	008.cn

Fri Mar 03 17:50:37 CST 2017屏蔽域名:	008.cn

Fri Mar 03 17:50:37 CST 2017屏蔽域名:	008.cn

Fri Mar 03 17:50:38 CST 2017屏蔽域名:	008.cn

Fri Mar 03 17:50:38 CST 2017屏蔽域名:	008.cn

Fri Mar 03 17:50:38 CST 2017屏蔽域名:	008.cn

Fri Mar 03 17:50:38 CST 2017屏蔽域名:	008.cn

Fri Mar 03 17:50:38 CST 2017屏蔽域名:	008.cn

Fri Mar 03 17:50:38 CST 2017屏蔽域名:	008.cn

Fri Mar 03 17:50:38 CST 2017屏蔽域名:	008.cn

Fri Mar 03 17:50:38 CST 2017屏蔽域名:	008.cn

Fri Mar 03 17:50:39 CST 2017屏蔽域名:	008.cn

Fri Mar 03 17:50:39 CST 2017屏蔽域名:	008.cn

Fri Mar 03 17:50:39 CST 2017屏蔽域名:	008.cn

Fri Mar 03 17:50:39 CST 2017屏蔽域名:	008.cn

Fri Mar 03 17:50:40 CST 2017屏蔽域名:	008.cn

Fri Mar 03 17:50:40 CST 2017屏蔽域名:	008.cn

Fri Mar 03 17:50:40 CST 2017屏蔽域名:	008.cn

Fri Mar 03 17:50:40 CST 2017屏蔽域名:	008.cn

Fri Mar 03 17:50:40 CST 2017屏蔽域名:	008.cn

Fri Mar 03 17:50:40 CST 2017屏蔽域名:	008.cn

Fri Mar 03 17:50:40 CST 2017屏蔽域名:	008.cn

Fri Mar 03 17:50:40 CST 2017屏蔽域名:	008.cn

Fri Mar 03 17:50:41 CST 2017屏蔽域名:	008.cn

Fri Mar 03 17:50:41 CST 2017屏蔽域名:	008.cn

Fri Mar 03 17:50:41 CST 2017屏蔽域名:	008.cn

Fri Mar 03 17:50:41 CST 2017屏蔽域名:	008.cn

Fri Mar 03 17:50:42 CST 2017屏蔽域名:	008.cn

Fri Mar 03 17:50:42 CST 2017屏蔽域名:	008.cn

Fri Mar 03 17:50:42 CST 2017屏蔽域名:	008.cn

Fri Mar 03 17:50:42 CST 2017屏蔽域名:	008.cn

Fri Mar 03 17:50:42 CST 2017屏蔽域名:	008.cn

Fri Mar 03 17:50:42 CST 2017屏蔽域名:	008.cn

Fri Mar 03 17:50:43 CST 2017屏蔽域名:	008.cn

Fri Mar 03 17:50:43 CST 2017屏蔽域名:	008.cn

Fri Mar 03 17:50:44 CST 2017屏蔽域名:	008.cn

Fri Mar 03 17:50:44 CST 2017屏蔽域名:	008.cn

Fri Mar 03 17:50:45 CST 2017屏蔽域名:	008.cn

Fri Mar 03 17:50:45 CST 2017屏蔽域名:	008.cn

Fri Mar 03 17:50:46 CST 2017屏蔽域名:	008.cn

Fri Mar 03 17:50:46 CST 2017屏蔽域名:	008.cn

Fri Mar 03 17:50:46 CST 2017屏蔽域名:	008.cn

Fri Mar 03 17:50:46 CST 2017屏蔽域名:	008.cn

Fri Mar 03 17:50:47 CST 2017屏蔽域名:	008.cn

Fri Mar 03 17:50:47 CST 2017屏蔽域名:	008.cn

Fri Mar 03 17:50:48 CST 2017屏蔽域名:	008.cn

Fri Mar 03 17:50:48 CST 2017屏蔽域名:	008.cn

Fri Mar 03 17:50:48 CST 2017屏蔽域名:	008.cn

Fri Mar 03 17:50:48 CST 2017屏蔽域名:	008.cn

Fri Mar 03 17:50:48 CST 2017屏蔽域名:	008.cn

Fri Mar 03 17:50:48 CST 2017屏蔽域名:	008.cn

Fri Mar 03 17:50:49 CST 2017屏蔽域名:	008.cn

Fri Mar 03 17:50:49 CST 2017屏蔽域名:	008.cn

Fri Mar 03 17:50:49 CST 2017屏蔽域名:	008.cn

Fri Mar 03 17:50:49 CST 2017屏蔽域名:	008.cn

Fri Mar 03 17:50:50 CST 2017屏蔽域名:	008.cn

Fri Mar 03 17:50:50 CST 2017屏蔽域名:	008.cn

Fri Mar 03 17:50:50 CST 2017屏蔽域名:	008.cn

Fri Mar 03 17:50:50 CST 2017屏蔽域名:	008.cn

Fri Mar 03 17:50:51 CST 2017屏蔽域名:	008.cn

Fri Mar 03 17:50:51 CST 2017屏蔽域名:	008.cn

Fri Mar 03 17:50:51 CST 2017屏蔽域名:	008.cn

Fri Mar 03 17:50:51 CST 2017屏蔽域名:	008.cn

Fri Mar 03 17:50:53 CST 2017屏蔽域名:	008.cn

Fri Mar 03 17:50:53 CST 2017屏蔽域名:	008.cn

